<?xml version="1.0" encoding="UTF-8"?>
<!-- Generated by org.testng.reporters.JUnitReportReporter -->
<testsuite hostname="DESKTOP-D64OM39" name="okdollar.rough2" tests="1" failures="0" timestamp="27 Nov 2019 09:07:41 GMT" time="0.007" errors="0">
  <testcase name="test2" time="0.007" classname="okdollar.rough2"/>
</testsuite> <!-- okdollar.rough2 -->
