<?xml version="1.0" encoding="UTF-8"?>
<!-- Generated by org.testng.reporters.JUnitReportReporter -->
<testsuite hostname="DESKTOP-D64OM39" name="com.okdollar.test.topupothertest" tests="4" failures="0" timestamp="5 Mar 2020 11:28:21 GMT" time="113.923" errors="0">
  <testcase name="ooredootopupselamt" time="61.968" classname="com.okdollar.test.topupothertest"/>
  <testcase name="ooredootopupenteramt" time="50.782" classname="com.okdollar.test.topupothertest"/>
  <testcase name="ooredootopupselamtverify" time="1.064" classname="com.okdollar.test.topupothertest"/>
  <testcase name="ooredootopupenteramtverify" time="0.109" classname="com.okdollar.test.topupothertest"/>
</testsuite> <!-- com.okdollar.test.topupothertest -->
