<?xml version="1.0" encoding="UTF-8"?>
<!-- Generated by org.testng.reporters.JUnitReportReporter -->
<testsuite hostname="DESKTOP-D64OM39" name="com.okdollar.test.paytotest" tests="1" failures="0" timestamp="5 Mar 2020 14:32:25 GMT" time="46.752" errors="0">
  <testcase name="decimalnumber" time="46.752" classname="com.okdollar.test.paytotest"/>
</testsuite> <!-- com.okdollar.test.paytotest -->
