<?xml version="1.0" encoding="UTF-8"?>
<!-- Generated by org.testng.reporters.JUnitReportReporter -->
<testsuite hostname="DESKTOP-D64OM39" name="com.okdollar.test.faceidpaytest" tests="1" failures="0" timestamp="17 Dec 2019 12:01:21 GMT" time="98.370" errors="0">
  <testcase name="basicflow" time="98.370" classname="com.okdollar.test.faceidpaytest"/>
</testsuite> <!-- com.okdollar.test.faceidpaytest -->
