<?xml version="1.0" encoding="UTF-8"?>
<!-- Generated by org.testng.reporters.JUnitReportReporter -->
<testsuite hostname="DESKTOP-D64OM39" name="okdollar.rough$topup" tests="1" failures="0" timestamp="22 Nov 2019 11:59:04 GMT" time="0.008" errors="0">
  <testcase name="topupselamt" time="0.008" classname="okdollar.rough$topup"/>
</testsuite> <!-- okdollar.rough$topup -->
