<?xml version="1.0" encoding="UTF-8"?>
<!-- Generated by org.testng.reporters.JUnitReportReporter -->
<testsuite hostname="DESKTOP-D64OM39" name="okdollar.topup" tests="3" failures="0" timestamp="27 Nov 2019 07:38:49 GMT" time="132.705" errors="0">
  <testcase name="topupselamt" time="46.051" classname="okdollar.topup"/>
  <testcase name="topupselamt" time="54.510" classname="okdollar.topup"/>
  <testcase name="verifytopupsuccess" time="32.144" classname="okdollar.topup"/>
</testsuite> <!-- okdollar.topup -->
