<?xml version="1.0" encoding="UTF-8"?>
<!-- Generated by org.testng.reporters.JUnitReportReporter -->
<testsuite hostname="DESKTOP-D64OM39" name="com.okdollar.test.topupothertest" tests="2" failures="0" timestamp="27 Feb 2020 09:57:40 GMT" time="184.484" errors="0">
  <testcase name="ooredoodataplan" time="108.590" classname="com.okdollar.test.topupothertest"/>
  <testcase name="ooredoodataplanverify" time="75.894" classname="com.okdollar.test.topupothertest"/>
</testsuite> <!-- com.okdollar.test.topupothertest -->
