<?xml version="1.0" encoding="UTF-8"?>
<!-- Generated by org.testng.reporters.JUnitReportReporter -->
<testsuite hostname="DESKTOP-D64OM39" name="com.okdollar.test.topupothertest" tests="1" failures="0" timestamp="24 Feb 2020 09:57:45 GMT" time="17.700" errors="0">
  <testcase name="ooredootopupselamt" time="17.700" classname="com.okdollar.test.topupothertest"/>
</testsuite> <!-- com.okdollar.test.topupothertest -->
